<?xml version="1.0" encoding="UTF-8"?>
<!-- Generated by org.testng.reporters.JUnitReportReporter -->
<testsuite skipped="0" hostname="HP-PC" name="com.test.LG.test" tests="1" failures="0" timestamp="08 Jul 2020 14:14:30 GMT" time="6.135" errors="0">
  <testcase name="login" time="6.135" classname="com.test.LG.test"/>
</testsuite> <!-- com.test.LG.test -->
